Using pre-set license
Built from '2021.3/staging' branch; Version is '2021.3.20f1 (577897200b8b) revision 5732503'; Using compiler version '192829333'; Build Type 'Release'
OS: 'Windows 10  (10.0.19044) 64bit CoreSingleLanguage' Language: 'en' Physical Memory: 12187 MB
BatchMode: 1, IsHumanControllingUs: 0, StartBugReporterOnCrash: 0, Is64bit: 1, IsPro: 1

COMMAND LINE ARGUMENTS:
C:\Program Files\Unity Hub\Unity Editor\2021.3.20f1\Editor\Unity.exe
-adb2
-batchMode
-noUpm
-name
AssetImportWorker0
-projectPath
C:/Users/daffa/Scene Transition
-logFile
Logs/AssetImportWorker0.log
-srvPort
49737
Successfully changed project path to: C:/Users/daffa/Scene Transition
C:/Users/daffa/Scene Transition
[UnityMemory] Configuration Parameters - Can be set up in boot.config
    "memorysetup-bucket-allocator-granularity=16"
    "memorysetup-bucket-allocator-bucket-count=8"
    "memorysetup-bucket-allocator-block-size=33554432"
    "memorysetup-bucket-allocator-block-count=8"
    "memorysetup-main-allocator-block-size=16777216"
    "memorysetup-thread-allocator-block-size=16777216"
    "memorysetup-gfx-main-allocator-block-size=16777216"
    "memorysetup-gfx-thread-allocator-block-size=16777216"
    "memorysetup-cache-allocator-block-size=4194304"
    "memorysetup-typetree-allocator-block-size=2097152"
    "memorysetup-profiler-bucket-allocator-granularity=16"
    "memorysetup-profiler-bucket-allocator-bucket-count=8"
    "memorysetup-profiler-bucket-allocator-block-size=33554432"
    "memorysetup-profiler-bucket-allocator-block-count=8"
    "memorysetup-profiler-allocator-block-size=16777216"
    "memorysetup-profiler-editor-allocator-block-size=1048576"
    "memorysetup-temp-allocator-size-main=16777216"
    "memorysetup-job-temp-allocator-block-size=2097152"
    "memorysetup-job-temp-allocator-block-size-background=1048576"
    "memorysetup-job-temp-allocator-reduction-small-platforms=262144"
    "memorysetup-temp-allocator-size-background-worker=32768"
    "memorysetup-temp-allocator-size-job-worker=262144"
    "memorysetup-temp-allocator-size-preload-manager=33554432"
    "memorysetup-temp-allocator-size-nav-mesh-worker=65536"
    "memorysetup-temp-allocator-size-audio-worker=65536"
    "memorysetup-temp-allocator-size-cloud-worker=32768"
    "memorysetup-temp-allocator-size-gi-baking-worker=262144"
    "memorysetup-temp-allocator-size-gfx=262144"
Player connection [23436] Host "[IP] 172.25.63.62 [Port] 0 [Flags] 2 [Guid] 728723884 [EditorId] 728723884 [Version] 1048832 [Id] WindowsEditor(7,DESKTOP-4IEGKFE) [Debug] 1 [PackageName] WindowsEditor [ProjectName] Editor" joined multi-casting on [225.0.0.222:54997]...

Player connection [23436] Host "[IP] 172.25.63.62 [Port] 0 [Flags] 2 [Guid] 728723884 [EditorId] 728723884 [Version] 1048832 [Id] WindowsEditor(7,DESKTOP-4IEGKFE) [Debug] 1 [PackageName] WindowsEditor [ProjectName] Editor" joined alternative multi-casting on [225.0.0.222:34997]...

Refreshing native plugins compatible for Editor in 137.41 ms, found 3 plugins.
Preloading 0 native plugins for Editor in 0.00 ms.
Initialize engine version: 2021.3.20f1 (577897200b8b)
[Subsystems] Discovering subsystems at path C:/Program Files/Unity Hub/Unity Editor/2021.3.20f1/Editor/Data/Resources/UnitySubsystems
[Subsystems] Discovering subsystems at path C:/Users/daffa/Scene Transition/Assets
GfxDevice: creating device client; threaded=0; jobified=0
Direct3D:
    Version:  Direct3D 11.0 [level 11.0]
    Renderer: NVIDIA GeForce 920MX (ID=0x134f)
    Vendor:   NVIDIA
    VRAM:     2010 MB
    Driver:   27.21.14.5751
Initialize mono
Mono path[0] = 'C:/Program Files/Unity Hub/Unity Editor/2021.3.20f1/Editor/Data/Managed'
Mono path[1] = 'C:/Program Files/Unity Hub/Unity Editor/2021.3.20f1/Editor/Data/MonoBleedingEdge/lib/mono/unityjit-win32'
Mono config path = 'C:/Program Files/Unity Hub/Unity Editor/2021.3.20f1/Editor/Data/MonoBleedingEdge/etc'
Using monoOptions --debugger-agent=transport=dt_socket,embedding=1,server=y,suspend=n,address=127.0.0.1:56024
Begin MonoManager ReloadAssembly
Registering precompiled unity dll's ...
Register platform support module: C:/Program Files/Unity Hub/Unity Editor/2021.3.20f1/Editor/Data/PlaybackEngines/WindowsStandaloneSupport/UnityEditor.WindowsStandalone.Extensions.dll
Registered in 0.051965 seconds.
Native extension for WindowsStandalone target not found
Refreshing native plugins compatible for Editor in 362.67 ms, found 3 plugins.
Preloading 0 native plugins for Editor in 0.00 ms.
Mono: successfully reloaded assembly
- Completed reload, in  3.160 seconds
Domain Reload Profiling:
	ReloadAssembly (3161ms)
		BeginReloadAssembly (358ms)
			ExecutionOrderSort (0ms)
			DisableScriptedObjects (0ms)
			BackupInstance (0ms)
			ReleaseScriptingObjects (0ms)
			CreateAndSetChildDomain (2ms)
		EndReloadAssembly (2078ms)
			LoadAssemblies (370ms)
			RebuildTransferFunctionScriptingTraits (1ms)
			SetupTypeCache (549ms)
			ReleaseScriptCaches (0ms)
			RebuildScriptCaches (209ms)
			SetupLoadedEditorAssemblies (971ms)
				LogAssemblyErrors (0ms)
				InitializePlatformSupportModulesInManaged (33ms)
				SetLoadedEditorAssemblies (0ms)
				RefreshPlugins (363ms)
				BeforeProcessingInitializeOnLoad (4ms)
				ProcessInitializeOnLoadAttributes (460ms)
				ProcessInitializeOnLoadMethodAttributes (110ms)
				AfterProcessingInitializeOnLoad (0ms)
				EditorAssembliesLoaded (0ms)
			ExecutionOrderSort2 (0ms)
			AwakeInstancesAfterBackupRestoration (0ms)
Platform modules already initialized, skipping
Registering precompiled user dll's ...
Registered in 0.014296 seconds.
Begin MonoManager ReloadAssembly
Symbol file LoadedFromMemory doesn't match image C:\Users\daffa\Scene Transition\Library\PackageCache\com.unity.visualscripting@1.8.0\Editor\VisualScripting.Core\Dependencies\YamlDotNet\Unity.VisualScripting.YamlDotNet.dll
Symbol file LoadedFromMemory doesn't match image C:\Users\daffa\Scene Transition\Library\PackageCache\com.unity.visualscripting@1.8.0\Editor\VisualScripting.Core\Dependencies\DotNetZip\Unity.VisualScripting.IonicZip.dll
Native extension for WindowsStandalone target not found
Refreshing native plugins compatible for Editor in 1.18 ms, found 3 plugins.
Preloading 0 native plugins for Editor in 0.00 ms.
Mono: successfully reloaded assembly
- Completed reload, in  2.191 seconds
Domain Reload Profiling:
	ReloadAssembly (2193ms)
		BeginReloadAssembly (227ms)
			ExecutionOrderSort (0ms)
			DisableScriptedObjects (13ms)
			BackupInstance (0ms)
			ReleaseScriptingObjects (0ms)
			CreateAndSetChildDomain (30ms)
		EndReloadAssembly (1706ms)
			LoadAssemblies (190ms)
			RebuildTransferFunctionScriptingTraits (0ms)
			SetupTypeCache (577ms)
			ReleaseScriptCaches (1ms)
			RebuildScriptCaches (104ms)
			SetupLoadedEditorAssemblies (747ms)
				LogAssemblyErrors (0ms)
				InitializePlatformSupportModulesInManaged (13ms)
				SetLoadedEditorAssemblies (1ms)
				RefreshPlugins (1ms)
				BeforeProcessingInitializeOnLoad (240ms)
				ProcessInitializeOnLoadAttributes (442ms)
				ProcessInitializeOnLoadMethodAttributes (32ms)
				AfterProcessingInitializeOnLoad (17ms)
				EditorAssembliesLoaded (0ms)
			ExecutionOrderSort2 (0ms)
			AwakeInstancesAfterBackupRestoration (11ms)
Platform modules already initialized, skipping
========================================================================
Worker process is ready to serve import requests
Launched and connected shader compiler UnityShaderCompiler.exe after 0.09 seconds
Refreshing native plugins compatible for Editor in 1.13 ms, found 3 plugins.
Preloading 0 native plugins for Editor in 0.00 ms.
Unloading 3047 Unused Serialized files (Serialized files now loaded: 0)
Unloading 24 unused Assets / (113.3 KB). Loaded Objects now: 3507.
Memory consumption went from 107.4 MB to 107.3 MB.
Total: 7.595900 ms (FindLiveObjects: 0.447900 ms CreateObjectMapping: 0.439300 ms MarkObjects: 6.565900 ms  DeleteObjects: 0.140900 ms)

AssetImportParameters requested are different than current active one (requested -> active):
  custom:video-decoder-ogg-theora: a1e56fd34408186e4bbccfd4996cb3dc -> 
  custom:container-muxer-webm: aa71ff27fc2769a1b78a27578f13a17b -> 
  custom:container-demuxer-webm: 4f35f7cbe854078d1ac9338744f61a02 -> 
  custom:video-encoder-webm-vp8: eb34c28f22e8b96e1ab97ce403110664 -> 
  custom:audio-encoder-webm-vorbis: bf7c407c2cedff20999df2af8eb42d56 -> 
  custom:framework-win-MediaFoundation: 216162199b28c13a410421893ffa2e32 -> 
  custom:container-demuxer-ogg: 62fdf1f143b41e24485cea50d1cbac27 -> 
  custom:video-decoder-webm-vp8: 9c59270c3fd7afecdb556c50c9e8de78 -> 
  custom:audio-decoder-ogg-vorbis: bf7c407c2cedff20999df2af8eb42d56 -> 
========================================================================
Received Import Request.
  Time since last request: 1729105.642854 seconds.
  path: Assets/Scenes
  artifactKey: Guid(6ea315d0fd7389c41b19996891e99ae3) Importer(815301076,1909f56bfc062723c751e8b465ee728b)
Start importing Assets/Scenes using Guid(6ea315d0fd7389c41b19996891e99ae3) Importer(815301076,1909f56bfc062723c751e8b465ee728b)  -> (artifact id: 'b8193726cff86800c54781cdc6d54904') in 0.013319 seconds 
========================================================================
Received Import Request.
  Time since last request: 0.000036 seconds.
  path: Packages/com.unity.testtools.codecoverage/package.json
  artifactKey: Guid(ba7d60725b0ec604698819352642be89) Importer(815301076,1909f56bfc062723c751e8b465ee728b)
Start importing Packages/com.unity.testtools.codecoverage/package.json using Guid(ba7d60725b0ec604698819352642be89) Importer(815301076,1909f56bfc062723c751e8b465ee728b)  -> (artifact id: 'b4ede392239df6bf770ed0fb43b79895') in 0.061842 seconds 
========================================================================
Received Import Request.
  Time since last request: 11854.226775 seconds.
  path: Assets/Scenes/SampleScene.unity
  artifactKey: Guid(9fc0d4010bbf28b4594072e72b8655ab) Importer(815301076,1909f56bfc062723c751e8b465ee728b)
Start importing Assets/Scenes/SampleScene.unity using Guid(9fc0d4010bbf28b4594072e72b8655ab) Importer(815301076,1909f56bfc062723c751e8b465ee728b)  -> (artifact id: 'e55ccaa32d8e5c1de03c07a5412c8c3c') in 0.017913 seconds 
========================================================================
Received Import Request.
  Time since last request: 4080.196014 seconds.
  path: Assets/Scenes/Shoved.fbx
  artifactKey: Guid(851aaefb9dc69dc449be9f8e446d29ed) Importer(815301076,1909f56bfc062723c751e8b465ee728b)
Start importing Assets/Scenes/Shoved.fbx using Guid(851aaefb9dc69dc449be9f8e446d29ed) Importer(815301076,1909f56bfc062723c751e8b465ee728b)  -> (artifact id: '55058161b1862f65c9406168ec5325bb') in 1.507731 seconds 
========================================================================
Received Import Request.
  Time since last request: 666.361338 seconds.
  path: Assets/Scenes 1
  artifactKey: Guid(ba759d1bc13b45f438a94b8c567d01d9) Importer(815301076,1909f56bfc062723c751e8b465ee728b)
Start importing Assets/Scenes 1 using Guid(ba759d1bc13b45f438a94b8c567d01d9) Importer(815301076,1909f56bfc062723c751e8b465ee728b)  -> (artifact id: '4531ccdcc78df3aa1507e2734871f075') in 0.109248 seconds 
========================================================================
Received Import Request.
  Time since last request: 1.569308 seconds.
  path: Assets/Scenes 1/Shoved.fbx
  artifactKey: Guid(a13b2597d2036aa4ba3fbf65f2ea9bc1) Importer(815301076,1909f56bfc062723c751e8b465ee728b)
Start importing Assets/Scenes 1/Shoved.fbx using Guid(a13b2597d2036aa4ba3fbf65f2ea9bc1) Importer(815301076,1909f56bfc062723c751e8b465ee728b)  -> (artifact id: 'be107a7a18edd871eb6a1aa587729521') in 0.078426 seconds 
========================================================================
Received Import Request.
  Time since last request: 7.994472 seconds.
  path: Assets/Start
  artifactKey: Guid(ba759d1bc13b45f438a94b8c567d01d9) Importer(815301076,1909f56bfc062723c751e8b465ee728b)
Start importing Assets/Start using Guid(ba759d1bc13b45f438a94b8c567d01d9) Importer(815301076,1909f56bfc062723c751e8b465ee728b)  -> (artifact id: '4c6569006ac4ea17c61b1c7f83061fd7') in 0.023918 seconds 
========================================================================
Received Import Request.
  Time since last request: 9.539154 seconds.
  path: Assets/Start/SampleScene.unity
  artifactKey: Guid(8fc7235ae3bfac443b4d36d136b9905f) Importer(815301076,1909f56bfc062723c751e8b465ee728b)
Start importing Assets/Start/SampleScene.unity using Guid(8fc7235ae3bfac443b4d36d136b9905f) Importer(815301076,1909f56bfc062723c751e8b465ee728b)  -> (artifact id: '09913c4c25eba890433774897f49b13d') in 0.012811 seconds 
========================================================================
Received Import Request.
  Time since last request: 2.967606 seconds.
  path: Assets/Start/SampleScene 1.unity
  artifactKey: Guid(adfa64a9fa7b80d4db53988c03a3de34) Importer(815301076,1909f56bfc062723c751e8b465ee728b)
Start importing Assets/Start/SampleScene 1.unity using Guid(adfa64a9fa7b80d4db53988c03a3de34) Importer(815301076,1909f56bfc062723c751e8b465ee728b)  -> (artifact id: '173fba0e3fb5c8bd18dd29374b24c5aa') in 0.015035 seconds 
========================================================================
Received Import Request.
  Time since last request: 19.583609 seconds.
  path: Assets/Start/PlayerManager.cs
  artifactKey: Guid(31373a0b65c3bb747888a39bb56bef14) Importer(815301076,1909f56bfc062723c751e8b465ee728b)
Start importing Assets/Start/PlayerManager.cs using Guid(31373a0b65c3bb747888a39bb56bef14) Importer(815301076,1909f56bfc062723c751e8b465ee728b)  -> (artifact id: '19bfdefb8ff207e0dc5bce85738c347f') in 0.031602 seconds 
========================================================================
Received Import Request.
  Time since last request: 2.083514 seconds.
  path: Assets/Start/PlayerLocomotion.cs
  artifactKey: Guid(e6c29f8a50fbc024c8052d2dd441f9d3) Importer(815301076,1909f56bfc062723c751e8b465ee728b)
Start importing Assets/Start/PlayerLocomotion.cs using Guid(e6c29f8a50fbc024c8052d2dd441f9d3) Importer(815301076,1909f56bfc062723c751e8b465ee728b)  -> (artifact id: '95532a39cecfa1f4c2f22d63c087365a') in 0.012389 seconds 
========================================================================
Received Import Request.
  Time since last request: 0.493804 seconds.
  path: Assets/Start/InputManager.cs
  artifactKey: Guid(b6ce74cbf125e5449960e9f41d3be6d7) Importer(815301076,1909f56bfc062723c751e8b465ee728b)
Start importing Assets/Start/InputManager.cs using Guid(b6ce74cbf125e5449960e9f41d3be6d7) Importer(815301076,1909f56bfc062723c751e8b465ee728b)  -> (artifact id: 'f1527465560d7f61a394e00e9632f33a') in 0.013951 seconds 
========================================================================
Received Import Request.
  Time since last request: 27.438998 seconds.
  path: Assets/Scenes/SampleScene.unity
  artifactKey: Guid(9fc0d4010bbf28b4594072e72b8655ab) Importer(815301076,1909f56bfc062723c751e8b465ee728b)
Start importing Assets/Scenes/SampleScene.unity using Guid(9fc0d4010bbf28b4594072e72b8655ab) Importer(815301076,1909f56bfc062723c751e8b465ee728b)  -> (artifact id: '1fa94399684a71e2ce8d8331d713cdda') in 0.015066 seconds 
========================================================================
Received Import Request.
  Time since last request: 18.200090 seconds.
  path: Assets/Scenes/SampleScene 1.unity
  artifactKey: Guid(7546c73b6b68f5943a89331ee46a66c0) Importer(815301076,1909f56bfc062723c751e8b465ee728b)
Start importing Assets/Scenes/SampleScene 1.unity using Guid(7546c73b6b68f5943a89331ee46a66c0) Importer(815301076,1909f56bfc062723c751e8b465ee728b)  -> (artifact id: '996f3fd12003587af15d608b969a5609') in 0.019679 seconds 
========================================================================
Received Import Request.
  Time since last request: 8.987581 seconds.
  path: Assets/Scenes/Start.unity
  artifactKey: Guid(9fc0d4010bbf28b4594072e72b8655ab) Importer(815301076,1909f56bfc062723c751e8b465ee728b)
Start importing Assets/Scenes/Start.unity using Guid(9fc0d4010bbf28b4594072e72b8655ab) Importer(815301076,1909f56bfc062723c751e8b465ee728b)  -> (artifact id: '5c6973d0ab8efdc841edbb1260eb9a99') in 0.015420 seconds 
========================================================================
Received Import Request.
  Time since last request: 167.391876 seconds.
  path: Assets/Scenes/Start.unity
  artifactKey: Guid(9fc0d4010bbf28b4594072e72b8655ab) Importer(815301076,1909f56bfc062723c751e8b465ee728b)
Start importing Assets/Scenes/Start.unity using Guid(9fc0d4010bbf28b4594072e72b8655ab) Importer(815301076,1909f56bfc062723c751e8b465ee728b)  -> (artifact id: 'ab6b4ae520649a473d9e67a4019c1ed6') in 0.004861 seconds 
========================================================================
Received Import Request.
  Time since last request: 146.291034 seconds.
  path: Assets/Scenes/Start.unity
  artifactKey: Guid(9fc0d4010bbf28b4594072e72b8655ab) Importer(815301076,1909f56bfc062723c751e8b465ee728b)
Start importing Assets/Scenes/Start.unity using Guid(9fc0d4010bbf28b4594072e72b8655ab) Importer(815301076,1909f56bfc062723c751e8b465ee728b)  -> (artifact id: 'f6340e34ea96cb9f67b407013a942d01') in 0.004667 seconds 
========================================================================
Received Import Request.
  Time since last request: 455.107237 seconds.
  path: Assets/TextMesh Pro/Resources/Style Sheets/Default Style Sheet.asset
  artifactKey: Guid(f952c082cb03451daed3ee968ac6c63e) Importer(815301076,1909f56bfc062723c751e8b465ee728b)
Start importing Assets/TextMesh Pro/Resources/Style Sheets/Default Style Sheet.asset using Guid(f952c082cb03451daed3ee968ac6c63e) Importer(815301076,1909f56bfc062723c751e8b465ee728b)  -> (artifact id: 'c72200549b97ff12ff44a36c3fabf96c') in 0.024954 seconds 
========================================================================
Received Import Request.
  Time since last request: 0.000045 seconds.
  path: Assets/TextMesh Pro/Sprites/EmojiOne.png
  artifactKey: Guid(dffef66376be4fa480fb02b19edbe903) Importer(815301076,1909f56bfc062723c751e8b465ee728b)
Start importing Assets/TextMesh Pro/Sprites/EmojiOne.png using Guid(dffef66376be4fa480fb02b19edbe903) Importer(815301076,1909f56bfc062723c751e8b465ee728b)  -> (artifact id: 'e6188c68ac6b088742c7675c11a1a84f') in 0.193773 seconds 
========================================================================
Received Import Request.
  Time since last request: 0.000045 seconds.
  path: Assets/TextMesh Pro/Resources/Sprite Assets/EmojiOne.asset
  artifactKey: Guid(c41005c129ba4d66911b75229fd70b45) Importer(815301076,1909f56bfc062723c751e8b465ee728b)
Start importing Assets/TextMesh Pro/Resources/Sprite Assets/EmojiOne.asset using Guid(c41005c129ba4d66911b75229fd70b45) Importer(815301076,1909f56bfc062723c751e8b465ee728b)  -> (artifact id: '3950451084668360d05945240589cf11') in 0.018395 seconds 
========================================================================
Received Import Request.
  Time since last request: 3.784804 seconds.
  path: Assets/TextMesh Pro/Fonts/LiberationSans.ttf
  artifactKey: Guid(e3265ab4bf004d28a9537516768c1c75) Importer(815301076,1909f56bfc062723c751e8b465ee728b)
Start importing Assets/TextMesh Pro/Fonts/LiberationSans.ttf using Guid(e3265ab4bf004d28a9537516768c1c75) Importer(815301076,1909f56bfc062723c751e8b465ee728b)  -> (artifact id: 'f3bd036785823e2281556a384dd6489b') in 0.069889 seconds 
========================================================================
Received Import Request.
  Time since last request: 2.755321 seconds.
  path: Assets/TextMesh Pro/Resources/Fonts & Materials/LiberationSans SDF.asset
  artifactKey: Guid(8f586378b4e144a9851e7b34d9b748ee) Importer(815301076,1909f56bfc062723c751e8b465ee728b)
Start importing Assets/TextMesh Pro/Resources/Fonts & Materials/LiberationSans SDF.asset using Guid(8f586378b4e144a9851e7b34d9b748ee) Importer(815301076,1909f56bfc062723c751e8b465ee728b)  -> (artifact id: '20ea2dcde55b8beccd13c84cee3fbf5a') in 0.175463 seconds 
========================================================================
Received Import Request.
  Time since last request: 0.000023 seconds.
  path: Assets/TextMesh Pro/Resources/Fonts & Materials/LiberationSans SDF - Fallback.asset
  artifactKey: Guid(2e498d1c8094910479dc3e1b768306a4) Importer(815301076,1909f56bfc062723c751e8b465ee728b)
Start importing Assets/TextMesh Pro/Resources/Fonts & Materials/LiberationSans SDF - Fallback.asset using Guid(2e498d1c8094910479dc3e1b768306a4) Importer(815301076,1909f56bfc062723c751e8b465ee728b)  -> (artifact id: '75c03ef0685716eb49c849513d3fc62c') in 0.037776 seconds 
========================================================================
Received Import Request.
  Time since last request: 0.000053 seconds.
  path: Assets/TextMesh Pro/Resources/Fonts & Materials/LiberationSans SDF - Drop Shadow.mat
  artifactKey: Guid(e73a58f6e2794ae7b1b7e50b7fb811b0) Importer(815301076,1909f56bfc062723c751e8b465ee728b)
Start importing Assets/TextMesh Pro/Resources/Fonts & Materials/LiberationSans SDF - Drop Shadow.mat using Guid(e73a58f6e2794ae7b1b7e50b7fb811b0) Importer(815301076,1909f56bfc062723c751e8b465ee728b)  -> (artifact id: 'd092630e8cbd75d18cb74c245c931be9') in 0.131279 seconds 
========================================================================
Received Import Request.
  Time since last request: 83.168892 seconds.
  path: Assets/SceneLoader.cs
  artifactKey: Guid(214a6d7fbd90d114c88e5e74a672f413) Importer(815301076,1909f56bfc062723c751e8b465ee728b)
Start importing Assets/SceneLoader.cs using Guid(214a6d7fbd90d114c88e5e74a672f413) Importer(815301076,1909f56bfc062723c751e8b465ee728b)  -> (artifact id: '2201b719c0290e1743348801737377ad') in 0.014699 seconds 
========================================================================
Received Import Request.
  Time since last request: 55.838791 seconds.
  path: Assets/Scenes/PlayerManager.cs
  artifactKey: Guid(d2a0b5848d122234c83e2565d984c860) Importer(815301076,1909f56bfc062723c751e8b465ee728b)
Start importing Assets/Scenes/PlayerManager.cs using Guid(d2a0b5848d122234c83e2565d984c860) Importer(815301076,1909f56bfc062723c751e8b465ee728b)  -> (artifact id: '03e939c127c4c79e6deb6fb546440fb4') in 0.005494 seconds 
========================================================================
Received Import Request.
  Time since last request: 3.573392 seconds.
  path: Assets/Scenes/PlayerLocomotion.cs
  artifactKey: Guid(aa7d39f2d35216c4790495d95175d0d2) Importer(815301076,1909f56bfc062723c751e8b465ee728b)
Start importing Assets/Scenes/PlayerLocomotion.cs using Guid(aa7d39f2d35216c4790495d95175d0d2) Importer(815301076,1909f56bfc062723c751e8b465ee728b)  -> (artifact id: 'be162b5d38fa4c36e1c7b4c3d0ac420c') in 0.004610 seconds 
========================================================================
Received Import Request.
  Time since last request: 0.435289 seconds.
  path: Assets/Scenes/InputManager.cs
  artifactKey: Guid(57453c14484fcca4ebf702cabd16af8d) Importer(815301076,1909f56bfc062723c751e8b465ee728b)
Start importing Assets/Scenes/InputManager.cs using Guid(57453c14484fcca4ebf702cabd16af8d) Importer(815301076,1909f56bfc062723c751e8b465ee728b)  -> (artifact id: '33ac6c4a220ef0f82e7d561f759ad50d') in 0.023624 seconds 
========================================================================
Received Import Request.
  Time since last request: 94.271516 seconds.
  path: Assets/Scenes/Start.unity
  artifactKey: Guid(9fc0d4010bbf28b4594072e72b8655ab) Importer(815301076,1909f56bfc062723c751e8b465ee728b)
Start importing Assets/Scenes/Start.unity using Guid(9fc0d4010bbf28b4594072e72b8655ab) Importer(815301076,1909f56bfc062723c751e8b465ee728b)  -> (artifact id: '99a14dff6ca72ba665df104ae4b0e6f8') in 0.008124 seconds 
========================================================================
Received Import Request.
  Time since last request: 443.030029 seconds.
  path: Assets/SceneLoader.cs
  artifactKey: Guid(214a6d7fbd90d114c88e5e74a672f413) Importer(815301076,1909f56bfc062723c751e8b465ee728b)
Start importing Assets/SceneLoader.cs using Guid(214a6d7fbd90d114c88e5e74a672f413) Importer(815301076,1909f56bfc062723c751e8b465ee728b)  -> (artifact id: 'ca76cc02d9ff8b2191c9829bf2571260') in 0.012101 seconds 
========================================================================
Received Import Request.
  Time since last request: 281.305322 seconds.
  path: Assets/SceneLoader.cs
  artifactKey: Guid(214a6d7fbd90d114c88e5e74a672f413) Importer(815301076,1909f56bfc062723c751e8b465ee728b)
Start importing Assets/SceneLoader.cs using Guid(214a6d7fbd90d114c88e5e74a672f413) Importer(815301076,1909f56bfc062723c751e8b465ee728b)  -> (artifact id: 'f9879a6144651d3db73545f6ac8add34') in 0.008594 seconds 
========================================================================
Received Import Request.
  Time since last request: 175.975671 seconds.
  path: Assets
  artifactKey: Guid(00000000000000001000000000000000) Importer(815301076,1909f56bfc062723c751e8b465ee728b)
Start importing Assets using Guid(00000000000000001000000000000000) Importer(815301076,1909f56bfc062723c751e8b465ee728b)  -> (artifact id: '79842766b460edbeab6a34051e857a80') in 0.019341 seconds 
